<testsuite failures="0" name="src/test/java/com/wellsfargo/featurefiles/Karate01.feature" skipped="0" tests="1" time="0.436142">
  <testcase classname="src.test.java.com.wellsfargo.featurefiles.Karate01" name="Karate TestCase 3" time="0.436142">
    <system-out>* def a = 10 .............................................................. passed
* def b = 20 .............................................................. passed
* def c = a + b ........................................................... passed
* assert c == 30 .......................................................... passed
* print "c = ",c .......................................................... passed
* karate.log("the value of c = "+c) ....................................... passed</system-out>
  </testcase>
</testsuite>
