<testsuite failures="0" name="src/test/java/com/wellsfargo/featurefiles/Karate16_jsfunctioncall.feature" skipped="0" tests="1" time="0.263795">
  <testcase classname="src.test.java.com.wellsfargo.featurefiles.Karate16_jsfunctioncall" name="js function call test case 1" time="0.263795">
    <system-out>* def f1 = function() { return 10; } ...................................... passed
* def f2 = ................................................................ passed
* print f1() .............................................................. passed
* f2("hello") ............................................................. passed</system-out>
  </testcase>
</testsuite>
