[{"line":1,"elements":[{"line":32,"name":"java method call test case 2","description":"java call scenario module for non static method","id":"java-method-call-test-case-2","type":"scenario","keyword":"Scenario","steps":[{"name":"def result1 =","result":{"duration":182774295,"error_message":"com.intuit.karate.exception.KarateException: Karate17_javamethodcall.feature:34 - evaluation (js) failed: function()\n{\nvar a = new() Java.type('com.wellsfargo.utils.BDDUtil')\nreturn a.getNonStaticMethod();\n}, javax.script.ScriptException: <eval>:3:12 Expected an operand but found )\r\nvar a = new() Java.type('com.wellsfargo.utils.BDDUtil')\r\n            ^ in <eval> at line number 3 at column number 12\nstack trace: jdk.nashorn.api.scripting.NashornScriptEngine.throwAsScriptException(NashornScriptEngine.java:470)","status":"failed"},"match":{"location":"karate","arguments":[]},"keyword":"*","line":34,"doc_string":{"content_type":"","value":"function()\n{\nvar a = new() Java.type('com.wellsfargo.utils.BDDUtil')\nreturn a.getNonStaticMethod();\n}\n15:36:48.176 skipping bootstrap configuration: could not find or read file: classpath:karate-config.js","line":34}},{"name":"print result1()","result":{"duration":0,"status":"skipped"},"match":{"location":"karate","arguments":[]},"keyword":"*","line":42}]}],"name":"src\/test\/java\/com\/wellsfargo\/featurefiles\/Karate17_javamethodcall.feature","description":"Karate Test Suite 17\njava  methodcall feature file","id":"karate-test-suite-17","keyword":"Feature","uri":"src\/test\/java\/com\/wellsfargo\/featurefiles\/Karate17_javamethodcall.feature"}]