<testsuite failures="0" name="src/test/java/com/wellsfargo/featurefiles/Karate15_callingfeaturefile.feature" skipped="0" tests="1" time="4.134426">
  <testcase classname="src.test.java.com.wellsfargo.featurefiles.Karate15_callingfeaturefile" name="Calling test case 1" time="4.134426">
    <system-out>* def result = call read("Karate14_calledfeaturefile.feature@called1") .... passed
* print result ............................................................ passed
* print result.response ................................................... passed
* match result.response.title == "karate" ................................. passed
* def result1 = call read("Karate14_calledfeaturefile.feature@called2") ... passed
* print result1 ........................................................... passed
* print result1.response .................................................. passed
* match result1.response.title contains "provident" ....................... passed</system-out>
  </testcase>
</testsuite>
