<testsuite failures="0" name="src/test/java/com/wellsfargo/featurefiles/Karate25_karatehooks.feature" skipped="0" tests="1" time="0.032728">
  <testcase classname="src.test.java.com.wellsfargo.featurefiles.Karate25_karatehooks" name="Karate Hooks TC 1" time="0.032728">
    <system-out>* print "From background block" ........................................... passed
* configure afterFeature = ................................................ passed
* print "From scenario block" ............................................. passed</system-out>
  </testcase>
</testsuite>
