<testsuite failures="0" name="src/test/java/com/wellsfargo/featurefiles/Karate11_customvalidation.feature" skipped="0" tests="5" time="0.429408">
  <testcase classname="src.test.java.com.wellsfargo.featurefiles.Karate11_customvalidation" name="Rest TestCase 1" time="0.198948">
    <system-out>* def a = 12 .............................................................. passed
* def b = 23 .............................................................. passed
* assert a == 12 &amp;&amp; b  == 23 .............................................. passed</system-out>
  </testcase>
  <testcase classname="src.test.java.com.wellsfargo.featurefiles.Karate11_customvalidation" name="Rest TestCase 2" time="0.013444">
    <system-out>* def a = 12 .............................................................. passed
* def b = 23 .............................................................. passed
* assert a == 12 &amp;&amp; b  == 23 .............................................. passed
* def a = 12 .............................................................. passed
* def b = 23 .............................................................. passed
* assert a == 12 || b  == 2 ............................................... passed</system-out>
  </testcase>
  <testcase classname="src.test.java.com.wellsfargo.featurefiles.Karate11_customvalidation" name="Rest TestCase 3" time="0.015734">
    <system-out>* def a = 12 .............................................................. passed
* def b = 23 .............................................................. passed
* assert a == 12 &amp;&amp; b  == 23 .............................................. passed
* def a = 12 .............................................................. passed
* def b = 23 .............................................................. passed
* assert a == 12 || b  == 2 ............................................... passed
* def a = 12 .............................................................. passed
* def b = 23 .............................................................. passed
* assert a != 1 ........................................................... passed</system-out>
  </testcase>
  <testcase classname="src.test.java.com.wellsfargo.featurefiles.Karate11_customvalidation" name="Rest TestCase 4" time="0.03934">
    <system-out>* def a = 12 .............................................................. passed
* def b = 23 .............................................................. passed
* assert a == 12 &amp;&amp; b  == 23 .............................................. passed
* def a = 12 .............................................................. passed
* def b = 23 .............................................................. passed
* assert a == 12 || b  == 2 ............................................... passed
* def a = 12 .............................................................. passed
* def b = 23 .............................................................. passed
* assert a != 1 ........................................................... passed
* def a = 12 .............................................................. passed
* def b = "test data" ..................................................... passed
* def c = true ............................................................ passed
* match a == "#number" .................................................... passed
* match b == "#string" .................................................... passed
* match c == "#boolean" ................................................... passed</system-out>
  </testcase>
  <testcase classname="src.test.java.com.wellsfargo.featurefiles.Karate11_customvalidation" name="Rest TestCase 5" time="0.161942">
    <system-out>* def a = 12 .............................................................. passed
* def b = 23 .............................................................. passed
* assert a == 12 &amp;&amp; b  == 23 .............................................. passed
* def a = 12 .............................................................. passed
* def b = 23 .............................................................. passed
* assert a == 12 || b  == 2 ............................................... passed
* def a = 12 .............................................................. passed
* def b = 23 .............................................................. passed
* assert a != 1 ........................................................... passed
* def a = 12 .............................................................. passed
* def b = "test data" ..................................................... passed
* def c = true ............................................................ passed
* match a == "#number" .................................................... passed
* match b == "#string" .................................................... passed
* match c == "#boolean" ................................................... passed
* def a = "12" ............................................................ passed
* def b = "1002.23" ....................................................... passed
* def c = "test data from file" ........................................... passed
* def d1 = "KARATE" ....................................................... passed
* def d2 = "karate" ....................................................... passed
* def d3 = "Karate" ....................................................... passed
* def d4 = "Karate bdd" ................................................... passed
* def d5 = "cucumber bdd" ................................................. passed
* match a == "#regex \\d+" ................................................ passed
* match b == "#regex \\d+\\.\\d+" ......................................... passed
* match d1 == "#regex [A-Z]+" ............................................. passed
* match d2 == "#regex [a-z]+" ............................................. passed
* match d3 == "#regex [A-Z][a-z]+" ........................................ passed
* match d4 == "#regex (Karate|cucumber) bdd" .............................. passed
* match c == "#regex (\\w+\\s?)+" ......................................... passed
* match c == "#regex (^test\.*)" .......................................... passed
* match c == "#regex (\.*file$)" .......................................... passed</system-out>
  </testcase>
</testsuite>
